INFO:     Started server process [8585]
INFO:     Waiting for application startup.
INFO:     Application startup complete.
INFO:     Uvicorn running on http://0.0.0.0:8000 (Press CTRL+C to quit)
INFO:     127.0.0.1:50747 - "GET /api/v1/jobs HTTP/1.1" 200 OK
ALIO fetch URL: https://apis.data.go.kr/1051000/recruitment/list?serviceKey=fe052bafcd318c77644c0fd6a84e1548b84a71724496d60f76d7d252104c2bec&numOfRows=50&pageNo=1&resultType=json
ALIO response status: 200
공고 저장 중 오류 발생: {'message': "Could not find the 'url' column of 'job_applications' in the schema cache", 'code': 'PGRST204', 'hint': None, 'details': None}
공고 저장 중 오류 발생: {'message': "Could not find the 'url' column of 'job_applications' in the schema cache", 'code': 'PGRST204', 'hint': None, 'details': None}
공고 저장 중 오류 발생: {'message': "Could not find the 'url' column of 'job_applications' in the schema cache", 'code': 'PGRST204', 'hint': None, 'details': None}
공고 저장 중 오류 발생: {'message': "Could not find the 'url' column of 'job_applications' in the schema cache", 'code': 'PGRST204', 'hint': None, 'details': None}
공고 저장 중 오류 발생: {'message': "Could not find the 'url' column of 'job_applications' in the schema cache", 'code': 'PGRST204', 'hint': None, 'details': None}
공고 저장 중 오류 발생: {'message': "Could not find the 'url' column of 'job_applications' in the schema cache", 'code': 'PGRST204', 'hint': None, 'details': None}
공고 저장 중 오류 발생: {'message': "Could not find the 'url' column of 'job_applications' in the schema cache", 'code': 'PGRST204', 'hint': None, 'details': None}
공고 저장 중 오류 발생: {'message': "Could not find the 'url' column of 'job_applications' in the schema cache", 'code': 'PGRST204', 'hint': None, 'details': None}
공고 저장 중 오류 발생: {'message': "Could not find the 'url' column of 'job_applications' in the schema cache", 'code': 'PGRST204', 'hint': None, 'details': None}
공고 저장 중 오류 발생: {'message': "Could not find the 'url' column of 'job_applications' in the schema cache", 'code': 'PGRST204', 'hint': None, 'details': None}
공고 저장 중 오류 발생: {'message': "Could not find the 'url' column of 'job_applications' in the schema cache", 'code': 'PGRST204', 'hint': None, 'details': None}
공고 저장 중 오류 발생: {'message': "Could not find the 'url' column of 'job_applications' in the schema cache", 'code': 'PGRST204', 'hint': None, 'details': None}
공고 저장 중 오류 발생: {'message': "Could not find the 'url' column of 'job_applications' in the schema cache", 'code': 'PGRST204', 'hint': None, 'details': None}
공고 저장 중 오류 발생: {'message': "Could not find the 'url' column of 'job_applications' in the schema cache", 'code': 'PGRST204', 'hint': None, 'details': None}
공고 저장 중 오류 발생: {'message': "Could not find the 'url' column of 'job_applications' in the schema cache", 'code': 'PGRST204', 'hint': None, 'details': None}
공고 저장 중 오류 발생: {'message': "Could not find the 'url' column of 'job_applications' in the schema cache", 'code': 'PGRST204', 'hint': None, 'details': None}
공고 저장 중 오류 발생: {'message': "Could not find the 'url' column of 'job_applications' in the schema cache", 'code': 'PGRST204', 'hint': None, 'details': None}
공고 저장 중 오류 발생: {'message': "Could not find the 'url' column of 'job_applications' in the schema cache", 'code': 'PGRST204', 'hint': None, 'details': None}
공고 저장 중 오류 발생: {'message': "Could not find the 'url' column of 'job_applications' in the schema cache", 'code': 'PGRST204', 'hint': None, 'details': None}
공고 저장 중 오류 발생: {'message': "Could not find the 'url' column of 'job_applications' in the schema cache", 'code': 'PGRST204', 'hint': None, 'details': None}
공고 저장 중 오류 발생: {'message': "Could not find the 'url' column of 'job_applications' in the schema cache", 'code': 'PGRST204', 'hint': None, 'details': None}
공고 저장 중 오류 발생: {'message': "Could not find the 'url' column of 'job_applications' in the schema cache", 'code': 'PGRST204', 'hint': None, 'details': None}
공고 저장 중 오류 발생: {'message': "Could not find the 'url' column of 'job_applications' in the schema cache", 'code': 'PGRST204', 'hint': None, 'details': None}
공고 저장 중 오류 발생: {'message': "Could not find the 'url' column of 'job_applications' in the schema cache", 'code': 'PGRST204', 'hint': None, 'details': None}
공고 저장 중 오류 발생: {'message': "Could not find the 'url' column of 'job_applications' in the schema cache", 'code': 'PGRST204', 'hint': None, 'details': None}
공고 저장 중 오류 발생: {'message': "Could not find the 'url' column of 'job_applications' in the schema cache", 'code': 'PGRST204', 'hint': None, 'details': None}
INFO:     127.0.0.1:50763 - "POST /api/v1/jobs/sync-alio HTTP/1.1" 200 OK
